<?xml version="1.0" encoding="UTF-8"?>
<!-- Generated by org.testng.reporters.JUnitReportReporter -->
<testsuite skipped="0" hostname="Alok-PC" name="com.qa.crm.test.LoginPageTest" tests="3" failures="0" timestamp="18 May 2020 18:55:58 GMT" time="82.299" errors="0">
  <testcase name="loginPageTitleTest" time="18.458" classname="com.qa.crm.test.LoginPageTest"/>
  <testcase name="crmLogoImageTest" time="34.724" classname="com.qa.crm.test.LoginPageTest"/>
  <testcase name="loginTest" time="29.117" classname="com.qa.crm.test.LoginPageTest"/>
</testsuite> <!-- com.qa.crm.test.LoginPageTest -->
