<?xml version="1.0" encoding="UTF-8"?>
<!-- Generated by org.testng.reporters.JUnitReportReporter -->
<testsuite skipped="0" hostname="Alok-PC" name="com.qa.crm.test.HomePageTest" tests="4" failures="0" timestamp="19 May 2020 18:47:52 GMT" time="117.689" errors="0">
  <testcase name="verifyHomePageTitleTest" time="32.595" classname="com.qa.crm.test.HomePageTest"/>
  <testcase name="verifyUserNameTest" time="24.127" classname="com.qa.crm.test.HomePageTest"/>
  <testcase name="verifyContactsLinkTest" time="38.784" classname="com.qa.crm.test.HomePageTest"/>
  <testcase name="validLoginLogoutTest" time="22.183" classname="com.qa.crm.test.HomePageTest"/>
</testsuite> <!-- com.qa.crm.test.HomePageTest -->
