<?xml version="1.0" encoding="UTF-8"?>
<!-- Generated by org.testng.reporters.JUnitReportReporter -->
<testsuite skipped="0" hostname="Alok-PC" name="com.qa.crm.test.ContactsPageTest" tests="4" failures="0" timestamp="23 May 2020 10:27:42 GMT" time="172.281" errors="0">
  <testcase name="validateCreateNewContact" time="47.946" classname="com.qa.crm.test.ContactsPageTest"/>
  <testcase name="validateCreateNewContact" time="32.053" classname="com.qa.crm.test.ContactsPageTest"/>
  <testcase name="validateCreateNewContact" time="46.775" classname="com.qa.crm.test.ContactsPageTest"/>
  <testcase name="validateCreateNewContact" time="45.507" classname="com.qa.crm.test.ContactsPageTest"/>
</testsuite> <!-- com.qa.crm.test.ContactsPageTest -->
