<?xml version="1.0" encoding="UTF-8"?>
<!-- Generated by org.testng.reporters.JUnitReportReporter -->
<testsuite skipped="0" hostname="Alok-PC" name="com.qa.crm.test.CrmLoginTest" tests="4" failures="0" timestamp="20 May 2020 14:58:34 GMT" time="115.040" errors="0">
  <testcase name="crmLogin" time="23.651" classname="com.qa.crm.test.CrmLoginTest"/>
  <testcase name="crmLogin" time="27.596" classname="com.qa.crm.test.CrmLoginTest"/>
  <testcase name="crmLogin" time="20.879" classname="com.qa.crm.test.CrmLoginTest"/>
  <testcase name="crmLogin" time="42.914" classname="com.qa.crm.test.CrmLoginTest"/>
</testsuite> <!-- com.qa.crm.test.CrmLoginTest -->
