<?xml version="1.0" encoding="UTF-8"?>
<!-- Generated by org.testng.reporters.JUnitReportReporter -->
<testsuite skipped="0" hostname="Alok-PC" name="com.qa.crm.test.ContactsPageTest" tests="4" failures="0" timestamp="25 May 2020 14:00:23 GMT" time="172.318" errors="0">
  <testcase name="validateCreateNewContact" time="34.478" classname="com.qa.crm.test.ContactsPageTest"/>
  <testcase name="validateCreateNewContact" time="71.965" classname="com.qa.crm.test.ContactsPageTest"/>
  <testcase name="validateCreateNewContact" time="31.574" classname="com.qa.crm.test.ContactsPageTest"/>
  <testcase name="validateCreateNewContact" time="34.301" classname="com.qa.crm.test.ContactsPageTest"/>
</testsuite> <!-- com.qa.crm.test.ContactsPageTest -->
