<?xml version="1.0" encoding="UTF-8"?>
<!-- Generated by org.testng.reporters.JUnitReportReporter -->
<testsuite skipped="0" hostname="Alok-PC" name="com.qa.crm.test.HomePageTest" tests="1" failures="0" timestamp="25 May 2020 14:00:23 GMT" time="35.811" errors="0">
  <testcase name="verifyHomePageTitleTest" time="35.811" classname="com.qa.crm.test.HomePageTest"/>
</testsuite> <!-- com.qa.crm.test.HomePageTest -->
